2023-03-09 21:48:43,956 [INFO   ] [APP] autotrader started with arguments={rtg.py, run, autotrader.py}
2023-03-09 21:48:43,956 [INFO   ] [APP] configuration={"Execution":{"Host":"127.0.0.1","Port":12345},"Information":{"Type":"mmap","Name":"info.dat"},"TeamName":"TraderOne","Secret":"secret"}
2023-03-09 21:48:43,966 [INFO   ] [CONNECTION] fd=17 connection established: peer=127.0.0.1:12345
2023-03-09 21:48:48,977 [INFO   ] [TRADER] received order book for instrument 0 with sequence number 1
2023-03-09 21:48:48,977 [INFO   ] [TRADER] ask prices: (147100, 147200, 147400, 148000, 152000)
2023-03-09 21:48:48,978 [INFO   ] [TRADER] received order book for instrument 1 with sequence number 1
2023-03-09 21:48:48,978 [INFO   ] [TRADER] ask prices: (0, 0, 0, 0, 0)
2023-03-09 21:48:48,979 [INFO   ] [TRADER] received order status for order 1 with fill volume 0 remaining 0 and fees 0
2023-03-09 21:48:48,979 [INFO   ] [TRADER] received order status for order 2 with fill volume 0 remaining 0 and fees 0
2023-03-09 21:48:49,275 [INFO   ] [TRADER] received order book for instrument 0 with sequence number 2
2023-03-09 21:48:49,275 [INFO   ] [TRADER] ask prices: (147100, 147200, 147400, 148000, 152200)
2023-03-09 21:48:49,275 [INFO   ] [TRADER] received order book for instrument 1 with sequence number 2
2023-03-09 21:48:49,276 [INFO   ] [TRADER] ask prices: (147600, 0, 0, 0, 0)
2023-03-09 21:48:49,276 [INFO   ] [TRADER] received order status for order 3 with fill volume 0 remaining 0 and fees 0
2023-03-09 21:48:49,277 [INFO   ] [TRADER] received order status for order 4 with fill volume 0 remaining 0 and fees 0
2023-03-09 21:48:49,461 [INFO   ] [TRADER] received order book for instrument 0 with sequence number 3
2023-03-09 21:48:49,461 [INFO   ] [TRADER] ask prices: (147100, 147200, 147300, 147400, 148000)
2023-03-09 21:48:49,461 [INFO   ] [TRADER] received order book for instrument 1 with sequence number 3
2023-03-09 21:48:49,461 [INFO   ] [TRADER] ask prices: (147600, 0, 0, 0, 0)
2023-03-09 21:48:49,462 [INFO   ] [TRADER] received order status for order 5 with fill volume 0 remaining 0 and fees 0
2023-03-09 21:48:49,465 [INFO   ] [TRADER] received order status for order 6 with fill volume 0 remaining 0 and fees 0
2023-03-09 21:48:49,736 [INFO   ] [TRADER] received order book for instrument 0 with sequence number 4
2023-03-09 21:48:49,737 [INFO   ] [TRADER] ask prices: (147100, 147200, 147400, 148000, 148600)
2023-03-09 21:48:49,737 [INFO   ] [TRADER] received order book for instrument 1 with sequence number 4
2023-03-09 21:48:49,737 [INFO   ] [TRADER] ask prices: (147600, 0, 0, 0, 0)
2023-03-09 21:48:49,738 [INFO   ] [TRADER] received order status for order 7 with fill volume 0 remaining 0 and fees 0
2023-03-09 21:48:49,738 [INFO   ] [TRADER] received order status for order 8 with fill volume 0 remaining 0 and fees 0
2023-03-09 21:48:49,738 [INFO   ] [TRADER] received trade ticks for instrument 1 with sequence number 2
2023-03-09 21:48:49,976 [INFO   ] [TRADER] received trade ticks for instrument 0 with sequence number 2
2023-03-09 21:48:50,009 [INFO   ] [TRADER] received order book for instrument 0 with sequence number 5
2023-03-09 21:48:50,009 [INFO   ] [TRADER] ask prices: (147300, 147400, 147500, 147600, 148000)
2023-03-09 21:48:50,010 [INFO   ] [TRADER] received order book for instrument 1 with sequence number 5
2023-03-09 21:48:50,010 [INFO   ] [TRADER] ask prices: (147600, 0, 0, 0, 0)
2023-03-09 21:48:50,016 [INFO   ] [TRADER] received order filled for order 9 with price 147000 and volume 1
2023-03-09 21:48:50,016 [INFO   ] [TRADER] received order status for order 9 with fill volume 1 remaining 19 and fees 29
2023-03-09 21:48:50,016 [INFO   ] [TRADER] received order status for order 9 with fill volume 1 remaining 0 and fees 29
2023-03-09 21:48:50,017 [INFO   ] [TRADER] received order status for order 10 with fill volume 0 remaining 0 and fees 0
2023-03-09 21:48:50,022 [INFO   ] [TRADER] received trade ticks for instrument 1 with sequence number 3
2023-03-09 21:48:50,023 [INFO   ] [TRADER] received hedge filled for order 11 with average price 147100 and volume 1
2023-03-09 21:48:50,202 [INFO   ] [TRADER] received order book for instrument 0 with sequence number 6
2023-03-09 21:48:50,202 [INFO   ] [TRADER] ask prices: (147200, 147300, 147400, 147500, 147600)
2023-03-09 21:48:50,202 [INFO   ] [TRADER] received order book for instrument 1 with sequence number 6
2023-03-09 21:48:50,202 [INFO   ] [TRADER] ask prices: (147800, 0, 0, 0, 0)
2023-03-09 21:48:50,203 [INFO   ] [TRADER] received order status for order 12 with fill volume 0 remaining 0 and fees 0
2023-03-09 21:48:50,204 [INFO   ] [TRADER] received order status for order 13 with fill volume 0 remaining 0 and fees 0
2023-03-09 21:48:50,479 [INFO   ] [TRADER] received order book for instrument 0 with sequence number 7
2023-03-09 21:48:50,479 [INFO   ] [TRADER] ask prices: (147100, 147200, 147300, 147400, 147800)
2023-03-09 21:48:50,480 [INFO   ] [TRADER] received order book for instrument 1 with sequence number 7
2023-03-09 21:48:50,480 [INFO   ] [TRADER] ask prices: (147700, 0, 0, 0, 0)
2023-03-09 21:48:50,480 [INFO   ] [TRADER] received order status for order 14 with fill volume 0 remaining 0 and fees 0
2023-03-09 21:48:50,481 [INFO   ] [TRADER] received order status for order 15 with fill volume 0 remaining 0 and fees 0
2023-03-09 21:48:50,694 [INFO   ] [TRADER] received order book for instrument 0 with sequence number 8
2023-03-09 21:48:50,694 [INFO   ] [TRADER] ask prices: (147100, 147200, 147300, 147400, 147700)
2023-03-09 21:48:50,695 [INFO   ] [TRADER] received order book for instrument 1 with sequence number 8
2023-03-09 21:48:50,695 [INFO   ] [TRADER] ask prices: (147600, 0, 0, 0, 0)
2023-03-09 21:48:50,696 [INFO   ] [TRADER] received order status for order 16 with fill volume 0 remaining 0 and fees 0
2023-03-09 21:48:50,696 [INFO   ] [TRADER] received order status for order 17 with fill volume 0 remaining 0 and fees 0
2023-03-09 21:48:50,969 [INFO   ] [TRADER] received order book for instrument 0 with sequence number 9
2023-03-09 21:48:50,969 [INFO   ] [TRADER] ask prices: (147100, 147200, 147300, 147400, 147500)
2023-03-09 21:48:50,970 [INFO   ] [TRADER] received order book for instrument 1 with sequence number 9
2023-03-09 21:48:50,970 [INFO   ] [TRADER] ask prices: (147600, 0, 0, 0, 0)
2023-03-09 21:48:50,976 [INFO   ] [TRADER] received order status for order 18 with fill volume 0 remaining 0 and fees 0
2023-03-09 21:48:50,976 [INFO   ] [TRADER] received order status for order 19 with fill volume 0 remaining 0 and fees 0
2023-03-09 21:48:50,981 [INFO   ] [TRADER] received trade ticks for instrument 0 with sequence number 3
2023-03-09 21:48:51,124 [INFO   ] [TRADER] received trade ticks for instrument 0 with sequence number 4
2023-03-09 21:48:51,232 [INFO   ] [TRADER] received order book for instrument 0 with sequence number 10
2023-03-09 21:48:51,235 [INFO   ] [TRADER] ask prices: (147100, 147200, 147300, 147400, 147500)
2023-03-09 21:48:51,246 [INFO   ] [TRADER] received order book for instrument 1 with sequence number 10
2023-03-09 21:48:51,246 [INFO   ] [TRADER] ask prices: (147600, 0, 0, 0, 0)
2023-03-09 21:48:51,246 [INFO   ] [TRADER] received order status for order 20 with fill volume 0 remaining 0 and fees 0
2023-03-09 21:48:51,246 [INFO   ] [TRADER] received order status for order 21 with fill volume 0 remaining 0 and fees 0
2023-03-09 21:48:51,473 [INFO   ] [TRADER] received trade ticks for instrument 1 with sequence number 4
2023-03-09 21:48:51,490 [INFO   ] [TRADER] received order book for instrument 0 with sequence number 11
2023-03-09 21:48:51,490 [INFO   ] [TRADER] ask prices: (147000, 147100, 147200, 147300, 147400)
2023-03-09 21:48:51,490 [INFO   ] [TRADER] received order book for instrument 1 with sequence number 11
2023-03-09 21:48:51,490 [INFO   ] [TRADER] ask prices: (147600, 0, 0, 0, 0)
2023-03-09 21:48:51,491 [INFO   ] [TRADER] received order status for order 22 with fill volume 0 remaining 0 and fees 0
2023-03-09 21:48:51,493 [INFO   ] [TRADER] received order status for order 23 with fill volume 0 remaining 0 and fees 0
2023-03-09 21:48:51,678 [INFO   ] [TRADER] received order book for instrument 0 with sequence number 12
2023-03-09 21:48:51,678 [INFO   ] [TRADER] ask prices: (147000, 147100, 147200, 147300, 147400)
2023-03-09 21:48:51,678 [INFO   ] [TRADER] received order book for instrument 1 with sequence number 12
2023-03-09 21:48:51,678 [INFO   ] [TRADER] ask prices: (147400, 0, 0, 0, 0)
2023-03-09 21:48:51,679 [INFO   ] [TRADER] received order status for order 24 with fill volume 0 remaining 0 and fees 0
2023-03-09 21:48:51,679 [INFO   ] [TRADER] received order status for order 25 with fill volume 0 remaining 0 and fees 0
2023-03-09 21:48:52,027 [INFO   ] [TRADER] received order book for instrument 0 with sequence number 13
2023-03-09 21:48:52,027 [INFO   ] [TRADER] ask prices: (147000, 147100, 147200, 147300, 147400)
2023-03-09 21:48:52,027 [INFO   ] [TRADER] received order book for instrument 1 with sequence number 13
2023-03-09 21:48:52,028 [INFO   ] [TRADER] ask prices: (147400, 0, 0, 0, 0)
2023-03-09 21:48:52,029 [INFO   ] [TRADER] received order status for order 26 with fill volume 0 remaining 0 and fees 0
2023-03-09 21:48:52,029 [INFO   ] [TRADER] received order status for order 27 with fill volume 0 remaining 0 and fees 0
2023-03-09 21:48:52,206 [INFO   ] [TRADER] received order book for instrument 0 with sequence number 14
2023-03-09 21:48:52,206 [INFO   ] [TRADER] ask prices: (147000, 147100, 147200, 147300, 147400)
2023-03-09 21:48:52,207 [INFO   ] [TRADER] received order book for instrument 1 with sequence number 14
2023-03-09 21:48:52,207 [INFO   ] [TRADER] ask prices: (147500, 0, 0, 0, 0)
2023-03-09 21:48:52,208 [INFO   ] [TRADER] received order status for order 28 with fill volume 0 remaining 0 and fees 0
2023-03-09 21:48:52,209 [INFO   ] [TRADER] received order status for order 29 with fill volume 0 remaining 0 and fees 0
2023-03-09 21:48:52,431 [INFO   ] [TRADER] received trade ticks for instrument 1 with sequence number 5
2023-03-09 21:48:52,473 [INFO   ] [TRADER] received order book for instrument 0 with sequence number 15
2023-03-09 21:48:52,474 [INFO   ] [TRADER] ask prices: (147000, 147100, 147200, 147300, 147400)
2023-03-09 21:48:52,474 [INFO   ] [TRADER] received order book for instrument 1 with sequence number 15
2023-03-09 21:48:52,474 [INFO   ] [TRADER] ask prices: (147500, 0, 0, 0, 0)
2023-03-09 21:48:52,476 [INFO   ] [TRADER] received order status for order 30 with fill volume 0 remaining 0 and fees 0
2023-03-09 21:48:52,476 [INFO   ] [TRADER] received order status for order 31 with fill volume 0 remaining 0 and fees 0
2023-03-09 21:48:52,628 [INFO   ] [TRADER] received trade ticks for instrument 1 with sequence number 6
2023-03-09 21:48:52,696 [INFO   ] [TRADER] received order book for instrument 0 with sequence number 16
2023-03-09 21:48:52,697 [INFO   ] [TRADER] ask prices: (147000, 147100, 147200, 147300, 147400)
2023-03-09 21:48:52,697 [INFO   ] [TRADER] received order book for instrument 1 with sequence number 16
2023-03-09 21:48:52,697 [INFO   ] [TRADER] ask prices: (147500, 148900, 0, 0, 0)
2023-03-09 21:48:52,698 [INFO   ] [TRADER] received order status for order 32 with fill volume 0 remaining 0 and fees 0
2023-03-09 21:48:52,698 [INFO   ] [TRADER] received order status for order 33 with fill volume 0 remaining 0 and fees 0
2023-03-09 21:48:53,022 [INFO   ] [TRADER] received order book for instrument 0 with sequence number 17
2023-03-09 21:48:53,022 [INFO   ] [TRADER] ask prices: (147000, 147100, 147200, 147300, 147400)
2023-03-09 21:48:53,022 [INFO   ] [TRADER] received order book for instrument 1 with sequence number 17
2023-03-09 21:48:53,022 [INFO   ] [TRADER] ask prices: (147400, 148900, 0, 0, 0)
2023-03-09 21:48:53,023 [INFO   ] [TRADER] received order status for order 34 with fill volume 0 remaining 0 and fees 0
2023-03-09 21:48:53,023 [INFO   ] [TRADER] received order status for order 35 with fill volume 0 remaining 0 and fees 0
2023-03-09 21:48:53,248 [INFO   ] [TRADER] received order book for instrument 0 with sequence number 18
2023-03-09 21:48:53,248 [INFO   ] [TRADER] ask prices: (147000, 147100, 147200, 147300, 147400)
2023-03-09 21:48:53,248 [INFO   ] [TRADER] received order book for instrument 1 with sequence number 18
2023-03-09 21:48:53,248 [INFO   ] [TRADER] ask prices: (147200, 147400, 148900, 0, 0)
2023-03-09 21:48:53,251 [INFO   ] [TRADER] received order status for order 36 with fill volume 0 remaining 0 and fees 0
2023-03-09 21:48:53,251 [INFO   ] [TRADER] received order status for order 37 with fill volume 0 remaining 0 and fees 0
2023-03-09 21:48:53,449 [INFO   ] [TRADER] received order book for instrument 0 with sequence number 19
2023-03-09 21:48:53,449 [INFO   ] [TRADER] ask prices: (147000, 147100, 147200, 147300, 147400)
2023-03-09 21:48:53,449 [INFO   ] [TRADER] received order book for instrument 1 with sequence number 19
2023-03-09 21:48:53,449 [INFO   ] [TRADER] ask prices: (147200, 147500, 148900, 0, 0)
2023-03-09 21:48:53,450 [INFO   ] [TRADER] received order status for order 38 with fill volume 0 remaining 0 and fees 0
2023-03-09 21:48:53,450 [INFO   ] [TRADER] received order status for order 39 with fill volume 0 remaining 0 and fees 0
2023-03-09 21:48:53,473 [INFO   ] [TRADER] received trade ticks for instrument 1 with sequence number 7
2023-03-09 21:48:53,691 [INFO   ] [TRADER] received order book for instrument 0 with sequence number 20
2023-03-09 21:48:53,691 [INFO   ] [TRADER] ask prices: (146800, 146900, 147000, 147100, 147200)
2023-03-09 21:48:53,691 [INFO   ] [TRADER] received order book for instrument 1 with sequence number 20
2023-03-09 21:48:53,691 [INFO   ] [TRADER] ask prices: (147200, 147300, 148900, 0, 0)
2023-03-09 21:48:53,692 [INFO   ] [TRADER] received order status for order 40 with fill volume 0 remaining 0 and fees 0
2023-03-09 21:48:53,693 [INFO   ] [TRADER] received order status for order 41 with fill volume 0 remaining 0 and fees 0
2023-03-09 21:48:54,031 [INFO   ] [TRADER] received order book for instrument 0 with sequence number 21
2023-03-09 21:48:54,031 [INFO   ] [TRADER] ask prices: (146800, 146900, 147000, 147100, 147200)
2023-03-09 21:48:54,031 [INFO   ] [TRADER] received order book for instrument 1 with sequence number 21
2023-03-09 21:48:54,031 [INFO   ] [TRADER] ask prices: (147200, 147400, 148900, 0, 0)
2023-03-09 21:48:54,037 [INFO   ] [TRADER] received order status for order 42 with fill volume 0 remaining 0 and fees 0
2023-03-09 21:48:54,037 [INFO   ] [TRADER] received order status for order 43 with fill volume 0 remaining 0 and fees 0
2023-03-09 21:48:54,166 [INFO   ] [TRADER] received trade ticks for instrument 0 with sequence number 5
2023-03-09 21:48:54,223 [INFO   ] [TRADER] received order book for instrument 0 with sequence number 22
2023-03-09 21:48:54,223 [INFO   ] [TRADER] ask prices: (147000, 147100, 147200, 147300, 147400)
2023-03-09 21:48:54,224 [INFO   ] [TRADER] received order book for instrument 1 with sequence number 22
2023-03-09 21:48:54,224 [INFO   ] [TRADER] ask prices: (147200, 147400, 148900, 0, 0)
2023-03-09 21:48:54,225 [INFO   ] [TRADER] received order status for order 44 with fill volume 0 remaining 0 and fees 0
2023-03-09 21:48:54,225 [INFO   ] [TRADER] received order status for order 45 with fill volume 0 remaining 0 and fees 0
2023-03-09 21:48:54,498 [INFO   ] [TRADER] received order book for instrument 0 with sequence number 23
2023-03-09 21:48:54,499 [INFO   ] [TRADER] ask prices: (147200, 147300, 147400, 147500, 147700)
2023-03-09 21:48:54,499 [INFO   ] [TRADER] received order book for instrument 1 with sequence number 23
2023-03-09 21:48:54,499 [INFO   ] [TRADER] ask prices: (147200, 147500, 148900, 0, 0)
2023-03-09 21:48:54,500 [INFO   ] [TRADER] received order status for order 46 with fill volume 0 remaining 0 and fees 0
2023-03-09 21:48:54,503 [INFO   ] [TRADER] received order status for order 47 with fill volume 0 remaining 0 and fees 0
2023-03-09 21:48:54,739 [INFO   ] [TRADER] received order book for instrument 0 with sequence number 24
2023-03-09 21:48:54,739 [INFO   ] [TRADER] ask prices: (147000, 147100, 147200, 147300, 147400)
2023-03-09 21:48:54,739 [INFO   ] [TRADER] received order book for instrument 1 with sequence number 24
2023-03-09 21:48:54,739 [INFO   ] [TRADER] ask prices: (147200, 147500, 148900, 0, 0)
2023-03-09 21:48:54,741 [INFO   ] [TRADER] received order status for order 48 with fill volume 0 remaining 0 and fees 0
2023-03-09 21:48:54,741 [INFO   ] [TRADER] received order filled for order 49 with price 147000 and volume 20
2023-03-09 21:48:54,741 [INFO   ] [TRADER] received order status for order 49 with fill volume 20 remaining 0 and fees 588
2023-03-09 21:48:54,744 [INFO   ] [TRADER] received trade ticks for instrument 1 with sequence number 8
2023-03-09 21:48:54,744 [INFO   ] [TRADER] received hedge filled for order 50 with average price 147000 and volume 20
2023-03-09 21:48:54,965 [INFO   ] [TRADER] received order book for instrument 0 with sequence number 25
2023-03-09 21:48:54,965 [INFO   ] [TRADER] ask prices: (147000, 147100, 147200, 147300, 147400)
2023-03-09 21:48:54,965 [INFO   ] [TRADER] received order book for instrument 1 with sequence number 25
2023-03-09 21:48:54,965 [INFO   ] [TRADER] ask prices: (147200, 147600, 148900, 0, 0)
2023-03-09 21:48:54,969 [INFO   ] [TRADER] received order status for order 51 with fill volume 0 remaining 0 and fees 0
2023-03-09 21:48:54,970 [INFO   ] [TRADER] received order status for order 52 with fill volume 0 remaining 0 and fees 0
2023-03-09 21:48:55,091 [INFO   ] [TRADER] received trade ticks for instrument 0 with sequence number 6
2023-03-09 21:48:55,196 [INFO   ] [TRADER] received order book for instrument 0 with sequence number 26
2023-03-09 21:48:55,196 [INFO   ] [TRADER] ask prices: (146800, 146900, 147000, 147100, 147200)
2023-03-09 21:48:55,197 [INFO   ] [TRADER] received order book for instrument 1 with sequence number 26
2023-03-09 21:48:55,197 [INFO   ] [TRADER] ask prices: (147200, 147300, 147600, 148900, 0)
2023-03-09 21:48:55,221 [INFO   ] [TRADER] received order status for order 53 with fill volume 0 remaining 0 and fees 0
2023-03-09 21:48:55,221 [INFO   ] [TRADER] received order filled for order 54 with price 147000 and volume 20
2023-03-09 21:48:55,221 [INFO   ] [TRADER] received order status for order 54 with fill volume 20 remaining 0 and fees 588
2023-03-09 21:48:55,226 [INFO   ] [TRADER] received trade ticks for instrument 1 with sequence number 9
2023-03-09 21:48:55,226 [INFO   ] [TRADER] received hedge filled for order 55 with average price 146700 and volume 20
2023-03-09 21:48:55,451 [INFO   ] [TRADER] received order book for instrument 0 with sequence number 27
2023-03-09 21:48:55,452 [INFO   ] [TRADER] ask prices: (146700, 146800, 146900, 147000, 147100)
2023-03-09 21:48:55,452 [INFO   ] [TRADER] received order book for instrument 1 with sequence number 27
2023-03-09 21:48:55,452 [INFO   ] [TRADER] ask prices: (147200, 147300, 148900, 0, 0)
2023-03-09 21:48:55,453 [INFO   ] [TRADER] received order status for order 56 with fill volume 0 remaining 0 and fees 0
2023-03-09 21:48:55,453 [INFO   ] [TRADER] received order status for order 57 with fill volume 0 remaining 0 and fees 0
2023-03-09 21:48:55,568 [INFO   ] [TRADER] received trade ticks for instrument 1 with sequence number 10
2023-03-09 21:48:55,616 [INFO   ] [TRADER] received trade ticks for instrument 0 with sequence number 7
2023-03-09 21:48:55,707 [INFO   ] [TRADER] received order book for instrument 0 with sequence number 28
2023-03-09 21:48:55,707 [INFO   ] [TRADER] ask prices: (146900, 147000, 147100, 147200, 147300)
2023-03-09 21:48:55,710 [INFO   ] [TRADER] received order book for instrument 1 with sequence number 28
2023-03-09 21:48:55,711 [INFO   ] [TRADER] ask prices: (147200, 147300, 148900, 0, 0)
2023-03-09 21:48:55,711 [INFO   ] [TRADER] received order status for order 58 with fill volume 0 remaining 0 and fees 0
2023-03-09 21:48:55,711 [INFO   ] [TRADER] received order status for order 59 with fill volume 0 remaining 0 and fees 0
2023-03-09 21:48:55,780 [INFO   ] [APP] SIGTERM signal received - shutting down...
2023-03-09 21:48:55,780 [INFO   ] [APP] closing event loop
2023-03-09 21:48:55,819 [ERROR  ] [asyncio] Task was destroyed but it is pending!
task: <Task pending name='Task-2' coro=<Subscriber._subscribe_worker() done, defined at /Users/hugo/Desktop/RTG/ready_trader_go/pubsub.py:122> cb=[MmapSubscriber.__init__.<locals>.<lambda>() at /Users/hugo/Desktop/RTG/ready_trader_go/pubsub.py:176]>
